<?xml version="1.0" encoding="UTF-8"?>
<testng-results skipped="0" failed="0" ignored="0" total="1" passed="1">
  <reporter-output>
  </reporter-output>
  <suite name="Default suite" duration-ms="629" started-at="2018-04-03T18:46:29Z" finished-at="2018-04-03T18:46:30Z">
    <groups>
    </groups>
    <test name="Default test" duration-ms="629" started-at="2018-04-03T18:46:29Z" finished-at="2018-04-03T18:46:30Z">
      <class name="com.qa.tests.restApi">
        <test-method status="PASS" signature="setup()[pri:0, instance:com.qa.tests.restApi@66d2e7d9]" name="setup" is-config="true" duration-ms="3" started-at="2018-04-03T14:46:29Z" finished-at="2018-04-03T14:46:29Z">
          <reporter-output>
          </reporter-output>
        </test-method> <!-- setup -->
        <test-method status="PASS" signature="getcall()[pri:0, instance:com.qa.tests.restApi@66d2e7d9]" name="getcall" duration-ms="609" started-at="2018-04-03T14:46:29Z" finished-at="2018-04-03T14:46:30Z">
          <reporter-output>
          </reporter-output>
        </test-method> <!-- getcall -->
      </class> <!-- com.qa.tests.restApi -->
    </test> <!-- Default test -->
  </suite> <!-- Default suite -->
</testng-results>
